<?xml version="1.0" encoding="UTF-8"?>
<!-- Generated by org.testng.reporters.JUnitReportReporter -->
<testsuite skipped="0" hostname="LAPTOP-Nitzan" name="searchTest" tests="1" failures="0" timestamp="13 Feb 2020 12:30:01 GMT" time="10.538" errors="0">
  <testcase name="e2eTest" time="10.538" classname="searchTest"/>
</testsuite> <!-- searchTest -->
